<?xml version="1.0" encoding="UTF-8"?>
<!-- Generated by org.testng.reporters.JUnitReportReporter -->
<testsuite skipped="0" hostname="LAPTOP-OHA7GF6B" name="com.leafBot.testcases.TC001_LoginLogOut" tests="3" failures="0" timestamp="31 May 2021 18:23:00 GMT" time="13.787" errors="0">
  <testcase name="createLeaf" time="4.113" classname="com.leafBot.testcases.TC001_LoginLogOut"/>
  <testcase name="createLeaf" time="4.197" classname="com.leafBot.testcases.TC001_LoginLogOut"/>
  <testcase name="createLeaf" time="5.477" classname="com.leafBot.testcases.TC001_LoginLogOut"/>
</testsuite> <!-- com.leafBot.testcases.TC001_LoginLogOut -->
